# JRE version: OpenJDK Runtime Environment Temurin-17.0.2+8 (17.0.2+8) (build 17.0.2+8)
# Java VM: OpenJDK 64-Bit Server VM Temurin-17.0.2+8 (17.0.2+8, mixed mode, tiered, compressed oops, compressed class ptrs, g1 gc, windows-amd64)
GC Precious Log:
 CPUs: 8 total, 8 available
 Memory: 8044M
 Large Page Support: Disabled
 NUMA Support: Disabled
 Compressed Oops: Enabled (32-bit)
 Heap Region Size: 1M
 Heap Min Capacity: 8M
 Heap Initial Capacity: 126M
 Heap Max Capacity: 2012M
 Pre-touch: Disabled
 Parallel Workers: 8
 Concurrent Workers: 2
 Concurrent Refinement Workers: 8
 Periodic GC: Disabled
Heap:
 garbage-first heap   total 256000K, used 158844K [0x0000000082400000, 0x0000000100000000)
  region size 1024K, 23 young (23552K), 1 survivors (1024K)
 Metaspace       used 28071K, committed 28352K, reserved 1081344K
  class space    used 3438K, committed 3584K, reserved 1048576K
GC Heap History (12 events):
Event: 1.861 GC heap before
{Heap before GC invocations=0 (full 0):
 garbage-first heap   total 129024K, used 75776K [0x0000000082400000, 0x0000000100000000)
  region size 1024K, 21 young (21504K), 0 survivors (0K)
 Metaspace       used 13754K, committed 13952K, reserved 1064960K
  class space    used 1429K, committed 1536K, reserved 1048576K
}
Event: 1.867 GC heap after
{Heap after GC invocations=1 (full 0):
 garbage-first heap   total 129024K, used 61547K [0x0000000082400000, 0x0000000100000000)
  region size 1024K, 3 young (3072K), 3 survivors (3072K)
 Metaspace       used 13754K, committed 13952K, reserved 1064960K
  class space    used 1429K, committed 1536K, reserved 1048576K
}
Event: 1.942 GC heap before
{Heap before GC invocations=2 (full 0):
 garbage-first heap   total 129024K, used 66667K [0x0000000082400000, 0x0000000100000000)
  region size 1024K, 4 young (4096K), 3 survivors (3072K)
 Metaspace       used 13755K, committed 13952K, reserved 1064960K
  class space    used 1429K, committed 1536K, reserved 1048576K
}
Event: 1.945 GC heap after
{Heap after GC invocations=3 (full 0):
 garbage-first heap   total 129024K, used 67178K [0x0000000082400000, 0x0000000100000000)
  region size 1024K, 1 young (1024K), 1 survivors (1024K)
 Metaspace       used 13755K, committed 13952K, reserved 1064960K
  class space    used 1429K, committed 1536K, reserved 1048576K
}
Event: 2.004 GC heap before
{Heap before GC invocations=4 (full 0):
 garbage-first heap   total 129024K, used 72298K [0x0000000082400000, 0x0000000100000000)
  region size 1024K, 2 young (2048K), 1 survivors (1024K)
 Metaspace       used 13755K, committed 13952K, reserved 1064960K
  class space    used 1429K, committed 1536K, reserved 1048576K
}
Event: 2.005 GC heap after
{Heap after GC invocations=5 (full 0):
 garbage-first heap   total 129024K, used 72074K [0x0000000082400000, 0x0000000100000000)
  region size 1024K, 1 young (1024K), 1 survivors (1024K)
 Metaspace       used 13755K, committed 13952K, reserved 1064960K
  class space    used 1429K, committed 1536K, reserved 1048576K
}
Event: 2.933 GC heap before
{Heap before GC invocations=6 (full 0):
 garbage-first heap   total 129024K, used 112010K [0x0000000082400000, 0x0000000100000000)
  region size 1024K, 26 young (26624K), 1 survivors (1024K)
 Metaspace       used 23108K, committed 23296K, reserved 1073152K
  class space    used 2697K, committed 2816K, reserved 1048576K
}
Event: 2.938 GC heap after
{Heap after GC invocations=7 (full 0):
 garbage-first heap   total 129024K, used 91204K [0x0000000082400000, 0x0000000100000000)
  region size 1024K, 4 young (4096K), 4 survivors (4096K)
 Metaspace       used 23108K, committed 23296K, reserved 1073152K
  class space    used 2697K, committed 2816K, reserved 1048576K
}
Event: 2.991 GC heap before
{Heap before GC invocations=7 (full 0):
 garbage-first heap   total 129024K, used 92228K [0x0000000082400000, 0x0000000100000000)
  region size 1024K, 6 young (6144K), 4 survivors (4096K)
 Metaspace       used 23410K, committed 23616K, reserved 1073152K
  class space    used 2733K, committed 2816K, reserved 1048576K
}
Event: 2.998 GC heap after
{Heap after GC invocations=8 (full 0):
 garbage-first heap   total 129024K, used 91233K [0x0000000082400000, 0x0000000100000000)
  region size 1024K, 1 young (1024K), 1 survivors (1024K)
 Metaspace       used 23410K, committed 23616K, reserved 1073152K
  class space    used 2733K, committed 2816K, reserved 1048576K
}
Event: 3.042 GC heap before
{Heap before GC invocations=8 (full 0):
 garbage-first heap   total 129024K, used 92257K [0x0000000082400000, 0x0000000100000000)
  region size 1024K, 3 young (3072K), 1 survivors (1024K)
 Metaspace       used 23727K, committed 23936K, reserved 1073152K
  class space    used 2780K, committed 2880K, reserved 1048576K
}
Event: 3.045 GC heap after
{Heap after GC invocations=9 (full 0):
 garbage-first heap   total 256000K, used 91260K [0x0000000082400000, 0x0000000100000000)
  region size 1024K, 1 young (1024K), 1 survivors (1024K)
 Metaspace       used 23727K, committed 23936K, reserved 1073152K
  class space    used 2780K, committed 2880K, reserved 1048576K
}

