# JRE version: OpenJDK Runtime Environment Temurin-17.0.2+8 (17.0.2+8) (build 17.0.2+8)
# Java VM: OpenJDK 64-Bit Server VM Temurin-17.0.2+8 (17.0.2+8, mixed mode, tiered, compressed oops, compressed class ptrs, g1 gc, windows-amd64)
GC Precious Log:
 CPUs: 8 total, 8 available
 Memory: 8044M
 Large Page Support: Disabled
 NUMA Support: Disabled
 Compressed Oops: Enabled (32-bit)
 Heap Region Size: 1M
 Heap Min Capacity: 8M
 Heap Initial Capacity: 126M
 Heap Max Capacity: 2012M
 Pre-touch: Disabled
 Parallel Workers: 8
 Concurrent Workers: 2
 Concurrent Refinement Workers: 8
 Periodic GC: Disabled
Heap:
 garbage-first heap   total 473088K, used 281470K [0x0000000082400000, 0x0000000100000000)
  region size 1024K, 3 young (3072K), 3 survivors (3072K)
 Metaspace       used 29885K, committed 30144K, reserved 1081344K
  class space    used 3473K, committed 3584K, reserved 1048576K
GC Heap History (20 events):
Event: 28.018 GC heap after
{Heap after GC invocations=17 (full 0):
 garbage-first heap   total 399360K, used 237312K [0x0000000082400000, 0x0000000100000000)
  region size 1024K, 1 young (1024K), 1 survivors (1024K)
 Metaspace       used 29786K, committed 30016K, reserved 1081344K
  class space    used 3473K, committed 3584K, reserved 1048576K
}
Event: 28.057 GC heap before
{Heap before GC invocations=18 (full 0):
 garbage-first heap   total 404480K, used 242432K [0x0000000082400000, 0x0000000100000000)
  region size 1024K, 2 young (2048K), 1 survivors (1024K)
 Metaspace       used 29789K, committed 30016K, reserved 1081344K
  class space    used 3473K, committed 3584K, reserved 1048576K
}
Event: 28.058 GC heap after
{Heap after GC invocations=19 (full 0):
 garbage-first heap   total 404480K, used 242407K [0x0000000082400000, 0x0000000100000000)
  region size 1024K, 1 young (1024K), 1 survivors (1024K)
 Metaspace       used 29789K, committed 30016K, reserved 1081344K
  class space    used 3473K, committed 3584K, reserved 1048576K
}
Event: 28.083 GC heap before
{Heap before GC invocations=20 (full 0):
 garbage-first heap   total 411648K, used 244455K [0x0000000082400000, 0x0000000100000000)
  region size 1024K, 2 young (2048K), 1 survivors (1024K)
 Metaspace       used 29790K, committed 30016K, reserved 1081344K
  class space    used 3473K, committed 3584K, reserved 1048576K
}
Event: 28.084 GC heap after
{Heap after GC invocations=21 (full 0):
 garbage-first heap   total 411648K, used 244672K [0x0000000082400000, 0x0000000100000000)
  region size 1024K, 1 young (1024K), 1 survivors (1024K)
 Metaspace       used 29790K, committed 30016K, reserved 1081344K
  class space    used 3473K, committed 3584K, reserved 1048576K
}
Event: 28.132 GC heap before
{Heap before GC invocations=22 (full 0):
 garbage-first heap   total 418816K, used 249792K [0x0000000082400000, 0x0000000100000000)
  region size 1024K, 3 young (3072K), 1 survivors (1024K)
 Metaspace       used 29800K, committed 30080K, reserved 1081344K
  class space    used 3473K, committed 3584K, reserved 1048576K
}
Event: 28.133 GC heap after
{Heap after GC invocations=23 (full 0):
 garbage-first heap   total 418816K, used 249865K [0x0000000082400000, 0x0000000100000000)
  region size 1024K, 2 young (2048K), 2 survivors (2048K)
 Metaspace       used 29800K, committed 30080K, reserved 1081344K
  class space    used 3473K, committed 3584K, reserved 1048576K
}
Event: 28.186 GC heap before
{Heap before GC invocations=24 (full 0):
 garbage-first heap   total 421888K, used 252937K [0x0000000082400000, 0x0000000100000000)
  region size 1024K, 5 young (5120K), 2 survivors (2048K)
 Metaspace       used 29840K, committed 30080K, reserved 1081344K
  class space    used 3473K, committed 3584K, reserved 1048576K
}
Event: 28.188 GC heap after
{Heap after GC invocations=25 (full 0):
 garbage-first heap   total 421888K, used 251185K [0x0000000082400000, 0x0000000100000000)
  region size 1024K, 2 young (2048K), 2 survivors (2048K)
 Metaspace       used 29840K, committed 30080K, reserved 1081344K
  class space    used 3473K, committed 3584K, reserved 1048576K
}
Event: 29.326 GC heap before
{Heap before GC invocations=26 (full 0):
 garbage-first heap   total 434176K, used 260401K [0x0000000082400000, 0x0000000100000000)
  region size 1024K, 6 young (6144K), 2 survivors (2048K)
 Metaspace       used 29865K, committed 30080K, reserved 1081344K
  class space    used 3473K, committed 3584K, reserved 1048576K
}
Event: 29.328 GC heap after
{Heap after GC invocations=27 (full 0):
 garbage-first heap   total 434176K, used 257817K [0x0000000082400000, 0x0000000100000000)
  region size 1024K, 3 young (3072K), 3 survivors (3072K)
 Metaspace       used 29865K, committed 30080K, reserved 1081344K
  class space    used 3473K, committed 3584K, reserved 1048576K
}
Event: 30.007 GC heap before
{Heap before GC invocations=28 (full 0):
 garbage-first heap   total 445440K, used 264985K [0x0000000082400000, 0x0000000100000000)
  region size 1024K, 5 young (5120K), 3 survivors (3072K)
 Metaspace       used 29877K, committed 30144K, reserved 1081344K
  class space    used 3473K, committed 3584K, reserved 1048576K
}
Event: 30.009 GC heap after
{Heap after GC invocations=29 (full 0):
 garbage-first heap   total 445440K, used 264122K [0x0000000082400000, 0x0000000100000000)
  region size 1024K, 3 young (3072K), 3 survivors (3072K)
 Metaspace       used 29877K, committed 30144K, reserved 1081344K
  class space    used 3473K, committed 3584K, reserved 1048576K
}
Event: 30.053 GC heap before
{Heap before GC invocations=30 (full 0):
 garbage-first heap   total 454656K, used 271290K [0x0000000082400000, 0x0000000100000000)
  region size 1024K, 5 young (5120K), 3 survivors (3072K)
 Metaspace       used 29883K, committed 30144K, reserved 1081344K
  class space    used 3473K, committed 3584K, reserved 1048576K
}
Event: 30.055 GC heap after
{Heap after GC invocations=31 (full 0):
 garbage-first heap   total 454656K, used 270257K [0x0000000082400000, 0x0000000100000000)
  region size 1024K, 3 young (3072K), 3 survivors (3072K)
 Metaspace       used 29883K, committed 30144K, reserved 1081344K
  class space    used 3473K, committed 3584K, reserved 1048576K
}
Event: 30.097 GC heap before
{Heap before GC invocations=32 (full 0):
 garbage-first heap   total 464896K, used 276401K [0x0000000082400000, 0x0000000100000000)
  region size 1024K, 4 young (4096K), 3 survivors (3072K)
 Metaspace       used 29883K, committed 30144K, reserved 1081344K
  class space    used 3473K, committed 3584K, reserved 1048576K
}
Event: 30.099 GC heap after
{Heap after GC invocations=33 (full 0):
 garbage-first heap   total 464896K, used 276657K [0x0000000082400000, 0x0000000100000000)
  region size 1024K, 3 young (3072K), 3 survivors (3072K)
 Metaspace       used 29883K, committed 30144K, reserved 1081344K
  class space    used 3473K, committed 3584K, reserved 1048576K
}
Event: 30.119 GC heap before
{Heap before GC invocations=34 (full 0):
 garbage-first heap   total 470016K, used 279729K [0x0000000082400000, 0x0000000100000000)
  region size 1024K, 4 young (4096K), 3 survivors (3072K)
 Metaspace       used 29883K, committed 30144K, reserved 1081344K
  class space    used 3473K, committed 3584K, reserved 1048576K
}
Event: 30.121 GC heap after
{Heap after GC invocations=35 (full 0):
 garbage-first heap   total 470016K, used 279471K [0x0000000082400000, 0x0000000100000000)
  region size 1024K, 3 young (3072K), 3 survivors (3072K)
 Metaspace       used 29883K, committed 30144K, reserved 1081344K
  class space    used 3473K, committed 3584K, reserved 1048576K
}
Event: 30.143 GC heap before
{Heap before GC invocations=36 (full 0):
 garbage-first heap   total 473088K, used 281519K [0x0000000082400000, 0x0000000100000000)
  region size 1024K, 4 young (4096K), 3 survivors (3072K)
 Metaspace       used 29885K, committed 30144K, reserved 1081344K
  class space    used 3473K, committed 3584K, reserved 1048576K
}

