# JRE version: OpenJDK Runtime Environment Temurin-17.0.2+8 (17.0.2+8) (build 17.0.2+8)
# Java VM: OpenJDK 64-Bit Server VM Temurin-17.0.2+8 (17.0.2+8, mixed mode, tiered, compressed oops, compressed class ptrs, g1 gc, windows-amd64)
GC Precious Log:
 CPUs: 8 total, 8 available
 Memory: 8044M
 Large Page Support: Disabled
 NUMA Support: Disabled
 Compressed Oops: Enabled (32-bit)
 Heap Region Size: 1M
 Heap Min Capacity: 8M
 Heap Initial Capacity: 126M
 Heap Max Capacity: 2012M
 Pre-touch: Disabled
 Parallel Workers: 8
 Concurrent Workers: 2
 Concurrent Refinement Workers: 8
 Periodic GC: Disabled
Heap:
 garbage-first heap   total 297984K, used 140413K [0x0000000082400000, 0x0000000100000000)
  region size 1024K, 6 young (6144K), 6 survivors (6144K)
 Metaspace       used 27736K, committed 28032K, reserved 1081344K
  class space    used 3427K, committed 3584K, reserved 1048576K
GC Heap History (20 events):
Event: 1.608 GC heap after
{Heap after GC invocations=12 (full 0):
 garbage-first heap   total 206848K, used 83201K [0x0000000082400000, 0x0000000100000000)
  region size 1024K, 1 young (1024K), 1 survivors (1024K)
 Metaspace       used 20726K, committed 20928K, reserved 1073152K
  class space    used 2267K, committed 2368K, reserved 1048576K
}
Event: 1.659 GC heap before
{Heap before GC invocations=12 (full 0):
 garbage-first heap   total 206848K, used 93441K [0x0000000082400000, 0x0000000100000000)
  region size 1024K, 3 young (3072K), 1 survivors (1024K)
 Metaspace       used 20732K, committed 20992K, reserved 1073152K
  class space    used 2268K, committed 2368K, reserved 1048576K
}
Event: 1.660 GC heap after
{Heap after GC invocations=13 (full 0):
 garbage-first heap   total 206848K, used 92576K [0x0000000082400000, 0x0000000100000000)
  region size 1024K, 1 young (1024K), 1 survivors (1024K)
 Metaspace       used 20732K, committed 20992K, reserved 1073152K
  class space    used 2268K, committed 2368K, reserved 1048576K
}
Event: 1.672 GC heap before
{Heap before GC invocations=13 (full 0):
 garbage-first heap   total 206848K, used 94624K [0x0000000082400000, 0x0000000100000000)
  region size 1024K, 2 young (2048K), 1 survivors (1024K)
 Metaspace       used 20732K, committed 20992K, reserved 1073152K
  class space    used 2268K, committed 2368K, reserved 1048576K
}
Event: 1.673 GC heap after
{Heap after GC invocations=14 (full 0):
 garbage-first heap   total 206848K, used 94624K [0x0000000082400000, 0x0000000100000000)
  region size 1024K, 1 young (1024K), 1 survivors (1024K)
 Metaspace       used 20732K, committed 20992K, reserved 1073152K
  class space    used 2268K, committed 2368K, reserved 1048576K
}
Event: 1.862 GC heap before
{Heap before GC invocations=15 (full 0):
 garbage-first heap   total 206848K, used 111008K [0x0000000082400000, 0x0000000100000000)
  region size 1024K, 16 young (16384K), 1 survivors (1024K)
 Metaspace       used 24482K, committed 24704K, reserved 1073152K
  class space    used 2873K, committed 3008K, reserved 1048576K
}
Event: 1.864 GC heap after
{Heap after GC invocations=16 (full 0):
 garbage-first heap   total 206848K, used 91845K [0x0000000082400000, 0x0000000100000000)
  region size 1024K, 2 young (2048K), 2 survivors (2048K)
 Metaspace       used 24482K, committed 24704K, reserved 1073152K
  class space    used 2873K, committed 3008K, reserved 1048576K
}
Event: 1.908 GC heap before
{Heap before GC invocations=16 (full 0):
 garbage-first heap   total 206848K, used 94917K [0x0000000082400000, 0x0000000100000000)
  region size 1024K, 4 young (4096K), 2 survivors (2048K)
 Metaspace       used 24652K, committed 24896K, reserved 1073152K
  class space    used 2889K, committed 3008K, reserved 1048576K
}
Event: 1.909 GC heap after
{Heap after GC invocations=17 (full 0):
 garbage-first heap   total 206848K, used 94330K [0x0000000082400000, 0x0000000100000000)
  region size 1024K, 3 young (3072K), 3 survivors (3072K)
 Metaspace       used 24652K, committed 24896K, reserved 1073152K
  class space    used 2889K, committed 3008K, reserved 1048576K
}
Event: 1.914 GC heap before
{Heap before GC invocations=17 (full 0):
 garbage-first heap   total 206848K, used 101498K [0x0000000082400000, 0x0000000100000000)
  region size 1024K, 5 young (5120K), 3 survivors (3072K)
 Metaspace       used 24665K, committed 24896K, reserved 1073152K
  class space    used 2890K, committed 3008K, reserved 1048576K
}
Event: 1.916 GC heap after
{Heap after GC invocations=18 (full 0):
 garbage-first heap   total 297984K, used 100070K [0x0000000082400000, 0x0000000100000000)
  region size 1024K, 2 young (2048K), 2 survivors (2048K)
 Metaspace       used 24665K, committed 24896K, reserved 1073152K
  class space    used 2890K, committed 3008K, reserved 1048576K
}
Event: 4.669 GC heap before
{Heap before GC invocations=18 (full 0):
 garbage-first heap   total 297984K, used 151270K [0x0000000082400000, 0x0000000100000000)
  region size 1024K, 19 young (19456K), 2 survivors (2048K)
 Metaspace       used 27721K, committed 28032K, reserved 1081344K
  class space    used 3427K, committed 3584K, reserved 1048576K
}
Event: 4.672 GC heap after
{Heap after GC invocations=19 (full 0):
 garbage-first heap   total 297984K, used 135816K [0x0000000082400000, 0x0000000100000000)
  region size 1024K, 5 young (5120K), 5 survivors (5120K)
 Metaspace       used 27721K, committed 28032K, reserved 1081344K
  class space    used 3427K, committed 3584K, reserved 1048576K
}
Event: 4.686 GC heap before
{Heap before GC invocations=19 (full 0):
 garbage-first heap   total 297984K, used 138888K [0x0000000082400000, 0x0000000100000000)
  region size 1024K, 7 young (7168K), 5 survivors (5120K)
 Metaspace       used 27721K, committed 28032K, reserved 1081344K
  class space    used 3427K, committed 3584K, reserved 1048576K
}
Event: 4.689 GC heap after
{Heap after GC invocations=20 (full 0):
 garbage-first heap   total 297984K, used 137747K [0x0000000082400000, 0x0000000100000000)
  region size 1024K, 5 young (5120K), 5 survivors (5120K)
 Metaspace       used 27721K, committed 28032K, reserved 1081344K
  class space    used 3427K, committed 3584K, reserved 1048576K
}
Event: 4.709 GC heap before
{Heap before GC invocations=20 (full 0):
 garbage-first heap   total 297984K, used 141843K [0x0000000082400000, 0x0000000100000000)
  region size 1024K, 7 young (7168K), 5 survivors (5120K)
 Metaspace       used 27731K, committed 28032K, reserved 1081344K
  class space    used 3427K, committed 3584K, reserved 1048576K
}
Event: 4.711 GC heap after
{Heap after GC invocations=21 (full 0):
 garbage-first heap   total 297984K, used 141453K [0x0000000082400000, 0x0000000100000000)
  region size 1024K, 6 young (6144K), 6 survivors (6144K)
 Metaspace       used 27731K, committed 28032K, reserved 1081344K
  class space    used 3427K, committed 3584K, reserved 1048576K
}
Event: 4.726 GC heap before
{Heap before GC invocations=22 (full 0):
 garbage-first heap   total 297984K, used 138381K [0x0000000082400000, 0x0000000100000000)
  region size 1024K, 8 young (8192K), 6 survivors (6144K)
 Metaspace       used 27731K, committed 28032K, reserved 1081344K
  class space    used 3427K, committed 3584K, reserved 1048576K
}
Event: 4.729 GC heap after
{Heap after GC invocations=23 (full 0):
 garbage-first heap   total 297984K, used 137090K [0x0000000082400000, 0x0000000100000000)
  region size 1024K, 5 young (5120K), 5 survivors (5120K)
 Metaspace       used 27731K, committed 28032K, reserved 1081344K
  class space    used 3427K, committed 3584K, reserved 1048576K
}
Event: 4.750 GC heap before
{Heap before GC invocations=23 (full 0):
 garbage-first heap   total 297984K, used 141186K [0x0000000082400000, 0x0000000100000000)
  region size 1024K, 7 young (7168K), 5 survivors (5120K)
 Metaspace       used 27736K, committed 28032K, reserved 1081344K
  class space    used 3427K, committed 3584K, reserved 1048576K
}

