# JRE version: OpenJDK Runtime Environment Temurin-17.0.2+8 (17.0.2+8) (build 17.0.2+8)
# Java VM: OpenJDK 64-Bit Server VM Temurin-17.0.2+8 (17.0.2+8, mixed mode, tiered, compressed oops, compressed class ptrs, g1 gc, windows-amd64)
GC Precious Log:
 CPUs: 8 total, 8 available
 Memory: 8044M
 Large Page Support: Disabled
 NUMA Support: Disabled
 Compressed Oops: Enabled (32-bit)
 Heap Region Size: 1M
 Heap Min Capacity: 8M
 Heap Initial Capacity: 126M
 Heap Max Capacity: 2012M
 Pre-touch: Disabled
 Parallel Workers: 8
 Concurrent Workers: 2
 Concurrent Refinement Workers: 8
 Periodic GC: Disabled
Heap:
 garbage-first heap   total 441344K, used 215194K [0x0000000082400000, 0x0000000100000000)
  region size 1024K, 10 young (10240K), 5 survivors (5120K)
 Metaspace       used 29734K, committed 30016K, reserved 1081344K
  class space    used 3470K, committed 3584K, reserved 1048576K
GC Heap History (20 events):
Event: 3.373 GC heap before
{Heap before GC invocations=8 (full 0):
 garbage-first heap   total 155648K, used 119833K [0x0000000082400000, 0x0000000100000000)
  region size 1024K, 15 young (15360K), 1 survivors (1024K)
 Metaspace       used 26865K, committed 27136K, reserved 1073152K
  class space    used 3347K, committed 3456K, reserved 1048576K
}
Event: 3.377 GC heap after
{Heap after GC invocations=9 (full 0):
 garbage-first heap   total 373760K, used 107052K [0x0000000082400000, 0x0000000100000000)
  region size 1024K, 2 young (2048K), 2 survivors (2048K)
 Metaspace       used 26865K, committed 27136K, reserved 1073152K
  class space    used 3347K, committed 3456K, reserved 1048576K
}
Event: 15.121 GC heap before
{Heap before GC invocations=9 (full 0):
 garbage-first heap   total 373760K, used 192044K [0x0000000082400000, 0x0000000100000000)
  region size 1024K, 19 young (19456K), 2 survivors (2048K)
 Metaspace       used 29392K, committed 29632K, reserved 1081344K
  class space    used 3468K, committed 3584K, reserved 1048576K
}
Event: 15.126 GC heap after
{Heap after GC invocations=10 (full 0):
 garbage-first heap   total 373760K, used 178485K [0x0000000082400000, 0x0000000100000000)
  region size 1024K, 3 young (3072K), 3 survivors (3072K)
 Metaspace       used 29392K, committed 29632K, reserved 1081344K
  class space    used 3468K, committed 3584K, reserved 1048576K
}
Event: 23.788 GC heap before
{Heap before GC invocations=10 (full 0):
 garbage-first heap   total 373760K, used 182581K [0x0000000082400000, 0x0000000100000000)
  region size 1024K, 8 young (8192K), 3 survivors (3072K)
 Metaspace       used 29558K, committed 29824K, reserved 1081344K
  class space    used 3469K, committed 3584K, reserved 1048576K
}
Event: 23.790 GC heap after
{Heap after GC invocations=11 (full 0):
 garbage-first heap   total 373760K, used 178738K [0x0000000082400000, 0x0000000100000000)
  region size 1024K, 4 young (4096K), 4 survivors (4096K)
 Metaspace       used 29558K, committed 29824K, reserved 1081344K
  class space    used 3469K, committed 3584K, reserved 1048576K
}
Event: 23.834 GC heap before
{Heap before GC invocations=12 (full 0):
 garbage-first heap   total 373760K, used 178738K [0x0000000082400000, 0x0000000100000000)
  region size 1024K, 5 young (5120K), 4 survivors (4096K)
 Metaspace       used 29560K, committed 29824K, reserved 1081344K
  class space    used 3469K, committed 3584K, reserved 1048576K
}
Event: 23.835 GC heap after
{Heap after GC invocations=13 (full 0):
 garbage-first heap   total 373760K, used 178756K [0x0000000082400000, 0x0000000100000000)
  region size 1024K, 4 young (4096K), 4 survivors (4096K)
 Metaspace       used 29560K, committed 29824K, reserved 1081344K
  class space    used 3469K, committed 3584K, reserved 1048576K
}
Event: 23.874 GC heap before
{Heap before GC invocations=14 (full 0):
 garbage-first heap   total 373760K, used 184900K [0x0000000082400000, 0x0000000100000000)
  region size 1024K, 5 young (5120K), 4 survivors (4096K)
 Metaspace       used 29562K, committed 29824K, reserved 1081344K
  class space    used 3469K, committed 3584K, reserved 1048576K
}
Event: 23.876 GC heap after
{Heap after GC invocations=15 (full 0):
 garbage-first heap   total 373760K, used 184958K [0x0000000082400000, 0x0000000100000000)
  region size 1024K, 4 young (4096K), 4 survivors (4096K)
 Metaspace       used 29562K, committed 29824K, reserved 1081344K
  class space    used 3469K, committed 3584K, reserved 1048576K
}
Event: 23.896 GC heap before
{Heap before GC invocations=16 (full 0):
 garbage-first heap   total 373760K, used 188030K [0x0000000082400000, 0x0000000100000000)
  region size 1024K, 5 young (5120K), 4 survivors (4096K)
 Metaspace       used 29566K, committed 29824K, reserved 1081344K
  class space    used 3469K, committed 3584K, reserved 1048576K
}
Event: 23.898 GC heap after
{Heap after GC invocations=17 (full 0):
 garbage-first heap   total 373760K, used 187856K [0x0000000082400000, 0x0000000100000000)
  region size 1024K, 4 young (4096K), 4 survivors (4096K)
 Metaspace       used 29566K, committed 29824K, reserved 1081344K
  class space    used 3469K, committed 3584K, reserved 1048576K
}
Event: 23.920 GC heap before
{Heap before GC invocations=18 (full 0):
 garbage-first heap   total 373760K, used 189904K [0x0000000082400000, 0x0000000100000000)
  region size 1024K, 5 young (5120K), 4 survivors (4096K)
 Metaspace       used 29566K, committed 29824K, reserved 1081344K
  class space    used 3469K, committed 3584K, reserved 1048576K
}
Event: 23.922 GC heap after
{Heap after GC invocations=19 (full 0):
 garbage-first heap   total 373760K, used 190237K [0x0000000082400000, 0x0000000100000000)
  region size 1024K, 4 young (4096K), 4 survivors (4096K)
 Metaspace       used 29566K, committed 29824K, reserved 1081344K
  class space    used 3469K, committed 3584K, reserved 1048576K
}
Event: 23.946 GC heap before
{Heap before GC invocations=20 (full 0):
 garbage-first heap   total 373760K, used 192285K [0x0000000082400000, 0x0000000100000000)
  region size 1024K, 5 young (5120K), 4 survivors (4096K)
 Metaspace       used 29573K, committed 29824K, reserved 1081344K
  class space    used 3469K, committed 3584K, reserved 1048576K
}
Event: 23.948 GC heap after
{Heap after GC invocations=21 (full 0):
 garbage-first heap   total 441344K, used 192464K [0x0000000082400000, 0x0000000100000000)
  region size 1024K, 4 young (4096K), 4 survivors (4096K)
 Metaspace       used 29573K, committed 29824K, reserved 1081344K
  class space    used 3469K, committed 3584K, reserved 1048576K
}
Event: 24.035 GC heap before
{Heap before GC invocations=21 (full 0):
 garbage-first heap   total 441344K, used 200656K [0x0000000082400000, 0x0000000100000000)
  region size 1024K, 8 young (8192K), 4 survivors (4096K)
 Metaspace       used 29631K, committed 29888K, reserved 1081344K
  class space    used 3469K, committed 3584K, reserved 1048576K
}
Event: 24.039 GC heap after
{Heap after GC invocations=22 (full 0):
 garbage-first heap   total 441344K, used 198926K [0x0000000082400000, 0x0000000100000000)
  region size 1024K, 5 young (5120K), 5 survivors (5120K)
 Metaspace       used 29631K, committed 29888K, reserved 1081344K
  class space    used 3469K, committed 3584K, reserved 1048576K
}
Event: 24.914 GC heap before
{Heap before GC invocations=22 (full 0):
 garbage-first heap   total 441344K, used 207118K [0x0000000082400000, 0x0000000100000000)
  region size 1024K, 8 young (8192K), 5 survivors (5120K)
 Metaspace       used 29653K, committed 29952K, reserved 1081344K
  class space    used 3470K, committed 3584K, reserved 1048576K
}
Event: 24.917 GC heap after
{Heap after GC invocations=23 (full 0):
 garbage-first heap   total 441344K, used 204954K [0x0000000082400000, 0x0000000100000000)
  region size 1024K, 5 young (5120K), 5 survivors (5120K)
 Metaspace       used 29653K, committed 29952K, reserved 1081344K
  class space    used 3470K, committed 3584K, reserved 1048576K
}

