# JRE version: OpenJDK Runtime Environment Temurin-17.0.2+8 (17.0.2+8) (build 17.0.2+8)
# Java VM: OpenJDK 64-Bit Server VM Temurin-17.0.2+8 (17.0.2+8, mixed mode, tiered, compressed oops, compressed class ptrs, g1 gc, windows-amd64)
GC Precious Log:
 CPUs: 8 total, 8 available
 Memory: 8044M
 Large Page Support: Disabled
 NUMA Support: Disabled
 Compressed Oops: Enabled (32-bit)
 Heap Region Size: 1M
 Heap Min Capacity: 8M
 Heap Initial Capacity: 126M
 Heap Max Capacity: 2012M
 Pre-touch: Disabled
 Parallel Workers: 8
 Concurrent Workers: 2
 Concurrent Refinement Workers: 8
 Periodic GC: Disabled
Heap:
 garbage-first heap   total 237568K, used 115752K [0x0000000082400000, 0x0000000100000000)
  region size 1024K, 6 young (6144K), 3 survivors (3072K)
 Metaspace       used 27612K, committed 27904K, reserved 1081344K
  class space    used 3426K, committed 3584K, reserved 1048576K
GC Heap History (14 events):
Event: 2.417 GC heap before
{Heap before GC invocations=0 (full 0):
 garbage-first heap   total 129024K, used 75776K [0x0000000082400000, 0x0000000100000000)
  region size 1024K, 21 young (21504K), 0 survivors (0K)
 Metaspace       used 13772K, committed 13952K, reserved 1064960K
  class space    used 1428K, committed 1536K, reserved 1048576K
}
Event: 2.424 GC heap after
{Heap after GC invocations=1 (full 0):
 garbage-first heap   total 129024K, used 61639K [0x0000000082400000, 0x0000000100000000)
  region size 1024K, 3 young (3072K), 3 survivors (3072K)
 Metaspace       used 13772K, committed 13952K, reserved 1064960K
  class space    used 1428K, committed 1536K, reserved 1048576K
}
Event: 2.502 GC heap before
{Heap before GC invocations=2 (full 0):
 garbage-first heap   total 129024K, used 66759K [0x0000000082400000, 0x0000000100000000)
  region size 1024K, 4 young (4096K), 3 survivors (3072K)
 Metaspace       used 13773K, committed 13952K, reserved 1064960K
  class space    used 1428K, committed 1536K, reserved 1048576K
}
Event: 2.505 GC heap after
{Heap after GC invocations=3 (full 0):
 garbage-first heap   total 129024K, used 67054K [0x0000000082400000, 0x0000000100000000)
  region size 1024K, 1 young (1024K), 1 survivors (1024K)
 Metaspace       used 13773K, committed 13952K, reserved 1064960K
  class space    used 1428K, committed 1536K, reserved 1048576K
}
Event: 3.387 GC heap before
{Heap before GC invocations=4 (full 0):
 garbage-first heap   total 129024K, used 112110K [0x0000000082400000, 0x0000000100000000)
  region size 1024K, 26 young (26624K), 1 survivors (1024K)
 Metaspace       used 23098K, committed 23296K, reserved 1073152K
  class space    used 2695K, committed 2816K, reserved 1048576K
}
Event: 3.391 GC heap after
{Heap after GC invocations=5 (full 0):
 garbage-first heap   total 129024K, used 90904K [0x0000000082400000, 0x0000000100000000)
  region size 1024K, 4 young (4096K), 4 survivors (4096K)
 Metaspace       used 23098K, committed 23296K, reserved 1073152K
  class space    used 2695K, committed 2816K, reserved 1048576K
}
Event: 3.443 GC heap before
{Heap before GC invocations=5 (full 0):
 garbage-first heap   total 129024K, used 90904K [0x0000000082400000, 0x0000000100000000)
  region size 1024K, 6 young (6144K), 4 survivors (4096K)
 Metaspace       used 23404K, committed 23616K, reserved 1073152K
  class space    used 2730K, committed 2816K, reserved 1048576K
}
Event: 3.447 GC heap after
{Heap after GC invocations=6 (full 0):
 garbage-first heap   total 129024K, used 91160K [0x0000000082400000, 0x0000000100000000)
  region size 1024K, 1 young (1024K), 1 survivors (1024K)
 Metaspace       used 23404K, committed 23616K, reserved 1073152K
  class space    used 2730K, committed 2816K, reserved 1048576K
}
Event: 3.484 GC heap before
{Heap before GC invocations=6 (full 0):
 garbage-first heap   total 129024K, used 92184K [0x0000000082400000, 0x0000000100000000)
  region size 1024K, 3 young (3072K), 1 survivors (1024K)
 Metaspace       used 23725K, committed 23936K, reserved 1073152K
  class space    used 2781K, committed 2880K, reserved 1048576K
}
Event: 3.486 GC heap after
{Heap after GC invocations=7 (full 0):
 garbage-first heap   total 129024K, used 91113K [0x0000000082400000, 0x0000000100000000)
  region size 1024K, 1 young (1024K), 1 survivors (1024K)
 Metaspace       used 23725K, committed 23936K, reserved 1073152K
  class space    used 2781K, committed 2880K, reserved 1048576K
}
Event: 3.553 GC heap before
{Heap before GC invocations=8 (full 0):
 garbage-first heap   total 155648K, used 93161K [0x0000000082400000, 0x0000000100000000)
  region size 1024K, 4 young (4096K), 1 survivors (1024K)
 Metaspace       used 24351K, committed 24640K, reserved 1073152K
  class space    used 2857K, committed 3008K, reserved 1048576K
}
Event: 3.555 GC heap after
{Heap after GC invocations=9 (full 0):
 garbage-first heap   total 237568K, used 91537K [0x0000000082400000, 0x0000000100000000)
  region size 1024K, 1 young (1024K), 1 survivors (1024K)
 Metaspace       used 24351K, committed 24640K, reserved 1073152K
  class space    used 2857K, committed 3008K, reserved 1048576K
}
Event: 5.578 GC heap before
{Heap before GC invocations=9 (full 0):
 garbage-first heap   total 237568K, used 122257K [0x0000000082400000, 0x0000000100000000)
  region size 1024K, 16 young (16384K), 1 survivors (1024K)
 Metaspace       used 27467K, committed 27776K, reserved 1081344K
  class space    used 3425K, committed 3584K, reserved 1048576K
}
Event: 5.581 GC heap after
{Heap after GC invocations=10 (full 0):
 garbage-first heap   total 237568K, used 107560K [0x0000000082400000, 0x0000000100000000)
  region size 1024K, 3 young (3072K), 3 survivors (3072K)
 Metaspace       used 27467K, committed 27776K, reserved 1081344K
  class space    used 3425K, committed 3584K, reserved 1048576K
}

