# JRE version: OpenJDK Runtime Environment Temurin-17.0.2+8 (17.0.2+8) (build 17.0.2+8)
# Java VM: OpenJDK 64-Bit Server VM Temurin-17.0.2+8 (17.0.2+8, mixed mode, tiered, compressed oops, compressed class ptrs, g1 gc, windows-amd64)
GC Precious Log:
 CPUs: 8 total, 8 available
 Memory: 8044M
 Large Page Support: Disabled
 NUMA Support: Disabled
 Compressed Oops: Enabled (32-bit)
 Heap Region Size: 1M
 Heap Min Capacity: 8M
 Heap Initial Capacity: 126M
 Heap Max Capacity: 2012M
 Pre-touch: Disabled
 Parallel Workers: 8
 Concurrent Workers: 2
 Concurrent Refinement Workers: 8
 Periodic GC: Disabled
Heap:
 garbage-first heap   total 160768K, used 146983K [0x0000000082400000, 0x0000000100000000)
  region size 1024K, 2 young (2048K), 1 survivors (1024K)
 Metaspace       used 28160K, committed 28416K, reserved 1081344K
  class space    used 3441K, committed 3584K, reserved 1048576K
GC Heap History (16 events):
Event: 1.924 GC heap before
{Heap before GC invocations=0 (full 0):
 garbage-first heap   total 129024K, used 76800K [0x0000000082400000, 0x0000000100000000)
  region size 1024K, 22 young (22528K), 0 survivors (0K)
 Metaspace       used 13758K, committed 13952K, reserved 1064960K
  class space    used 1428K, committed 1536K, reserved 1048576K
}
Event: 1.930 GC heap after
{Heap after GC invocations=1 (full 0):
 garbage-first heap   total 129024K, used 62098K [0x0000000082400000, 0x0000000100000000)
  region size 1024K, 3 young (3072K), 3 survivors (3072K)
 Metaspace       used 13758K, committed 13952K, reserved 1064960K
  class space    used 1428K, committed 1536K, reserved 1048576K
}
Event: 1.989 GC heap before
{Heap before GC invocations=2 (full 0):
 garbage-first heap   total 129024K, used 67218K [0x0000000082400000, 0x0000000100000000)
  region size 1024K, 4 young (4096K), 3 survivors (3072K)
 Metaspace       used 13760K, committed 13952K, reserved 1064960K
  class space    used 1428K, committed 1536K, reserved 1048576K
}
Event: 1.993 GC heap after
{Heap after GC invocations=3 (full 0):
 garbage-first heap   total 129024K, used 67405K [0x0000000082400000, 0x0000000100000000)
  region size 1024K, 1 young (1024K), 1 survivors (1024K)
 Metaspace       used 13760K, committed 13952K, reserved 1064960K
  class space    used 1428K, committed 1536K, reserved 1048576K
}
Event: 2.911 GC heap before
{Heap before GC invocations=4 (full 0):
 garbage-first heap   total 129024K, used 113485K [0x0000000082400000, 0x0000000100000000)
  region size 1024K, 27 young (27648K), 1 survivors (1024K)
 Metaspace       used 23084K, committed 23296K, reserved 1073152K
  class space    used 2698K, committed 2816K, reserved 1048576K
}
Event: 2.915 GC heap after
{Heap after GC invocations=5 (full 0):
 garbage-first heap   total 129024K, used 91478K [0x0000000082400000, 0x0000000100000000)
  region size 1024K, 4 young (4096K), 4 survivors (4096K)
 Metaspace       used 23084K, committed 23296K, reserved 1073152K
  class space    used 2698K, committed 2816K, reserved 1048576K
}
Event: 2.971 GC heap before
{Heap before GC invocations=5 (full 0):
 garbage-first heap   total 129024K, used 91478K [0x0000000082400000, 0x0000000100000000)
  region size 1024K, 6 young (6144K), 4 survivors (4096K)
 Metaspace       used 23395K, committed 23616K, reserved 1073152K
  class space    used 2733K, committed 2816K, reserved 1048576K
}
Event: 2.976 GC heap after
{Heap after GC invocations=6 (full 0):
 garbage-first heap   total 129024K, used 91637K [0x0000000082400000, 0x0000000100000000)
  region size 1024K, 1 young (1024K), 1 survivors (1024K)
 Metaspace       used 23395K, committed 23616K, reserved 1073152K
  class space    used 2733K, committed 2816K, reserved 1048576K
}
Event: 3.031 GC heap before
{Heap before GC invocations=6 (full 0):
 garbage-first heap   total 129024K, used 92661K [0x0000000082400000, 0x0000000100000000)
  region size 1024K, 3 young (3072K), 1 survivors (1024K)
 Metaspace       used 23738K, committed 23936K, reserved 1073152K
  class space    used 2782K, committed 2880K, reserved 1048576K
}
Event: 3.032 GC heap after
{Heap after GC invocations=7 (full 0):
 garbage-first heap   total 129024K, used 91519K [0x0000000082400000, 0x0000000100000000)
  region size 1024K, 1 young (1024K), 1 survivors (1024K)
 Metaspace       used 23738K, committed 23936K, reserved 1073152K
  class space    used 2782K, committed 2880K, reserved 1048576K
}
Event: 5.861 GC heap before
{Heap before GC invocations=8 (full 0):
 garbage-first heap   total 155648K, used 123263K [0x0000000082400000, 0x0000000100000000)
  region size 1024K, 16 young (16384K), 1 survivors (1024K)
 Metaspace       used 27360K, committed 27648K, reserved 1081344K
  class space    used 3407K, committed 3520K, reserved 1048576K
}
Event: 5.865 GC heap after
{Heap after GC invocations=9 (full 0):
 garbage-first heap   total 155648K, used 107756K [0x0000000082400000, 0x0000000100000000)
  region size 1024K, 2 young (2048K), 2 survivors (2048K)
 Metaspace       used 27360K, committed 27648K, reserved 1081344K
  class space    used 3407K, committed 3520K, reserved 1048576K
}
Event: 8.704 GC heap before
{Heap before GC invocations=9 (full 0):
 garbage-first heap   total 155648K, used 148716K [0x0000000082400000, 0x0000000100000000)
  region size 1024K, 7 young (7168K), 2 survivors (2048K)
 Metaspace       used 28152K, committed 28416K, reserved 1081344K
  class space    used 3441K, committed 3584K, reserved 1048576K
}
Event: 8.708 GC heap after
{Heap after GC invocations=10 (full 0):
 garbage-first heap   total 155648K, used 147064K [0x0000000082400000, 0x0000000100000000)
  region size 1024K, 1 young (1024K), 1 survivors (1024K)
 Metaspace       used 28152K, committed 28416K, reserved 1081344K
  class space    used 3441K, committed 3584K, reserved 1048576K
}
Event: 8.708 GC heap before
{Heap before GC invocations=10 (full 0):
 garbage-first heap   total 155648K, used 147064K [0x0000000082400000, 0x0000000100000000)
  region size 1024K, 2 young (2048K), 1 survivors (1024K)
 Metaspace       used 28152K, committed 28416K, reserved 1081344K
  class space    used 3441K, committed 3584K, reserved 1048576K
}
Event: 8.710 GC heap after
{Heap after GC invocations=11 (full 0):
 garbage-first heap   total 155648K, used 146983K [0x0000000082400000, 0x0000000100000000)
  region size 1024K, 1 young (1024K), 1 survivors (1024K)
 Metaspace       used 28152K, committed 28416K, reserved 1081344K
  class space    used 3441K, committed 3584K, reserved 1048576K
}

